<?xml version="1.0" encoding="UTF-8"?>
<!-- Generated by org.testng.reporters.JUnitReportReporter -->
<testsuite skipped="0" hostname="NewUser-PC" name="aaa.ab.verifyTittle" tests="1" failures="0" timestamp="2020-09-21T23:15:21 CDT" time="23.641" errors="0">
  <testcase name="titleverify" time="23.641" classname="aaa.ab.verifyTittle"/>
  <system-out/>
</testsuite> <!-- aaa.ab.verifyTittle -->
