<?xml version="1.0" encoding="UTF-8"?>
<!-- Generated by org.testng.reporters.JUnitReportReporter -->
<testsuite skipped="0" hostname="NewUser-PC" name="aaa.ab.Alart_demo" tests="1" failures="0" timestamp="2020-09-16T17:37:51 CDT" time="21.295" errors="0">
  <testcase name="alart" time="21.295" classname="aaa.ab.Alart_demo"/>
  <system-out/>
</testsuite> <!-- aaa.ab.Alart_demo -->
