<?xml version="1.0" encoding="UTF-8"?>
<!-- Generated by org.testng.reporters.JUnitReportReporter -->
<testsuite skipped="0" hostname="NewUser-PC" name="aaa.ab.Find_LinkCode" tests="1" failures="0" timestamp="2020-09-22T01:27:00 CDT" time="12.114" errors="0">
  <testcase name="findlink" time="12.114" classname="aaa.ab.Find_LinkCode"/>
  <system-out/>
</testsuite> <!-- aaa.ab.Find_LinkCode -->
