<?xml version="1.0" encoding="UTF-8"?>
<!-- Generated by org.testng.reporters.JUnitReportReporter -->
<testsuite skipped="0" hostname="NewUser-PC" name="aaa.ab.frame_demo" tests="1" failures="0" timestamp="2020-09-21T03:20:00 CDT" time="29.329" errors="0">
  <testcase name="framecontrol" time="29.329" classname="aaa.ab.frame_demo"/>
  <system-out/>
</testsuite> <!-- aaa.ab.frame_demo -->
