<?xml version="1.0" encoding="UTF-8"?>
<!-- Generated by org.testng.reporters.JUnitReportReporter -->
<testsuite skipped="0" hostname="NewUser-PC" name="aaa.ab.delltestng" tests="1" failures="0" timestamp="2020-09-15T02:24:53 CDT" time="7.158" errors="0">
  <testcase name="Dellresult" time="7.158" classname="aaa.ab.delltestng"/>
  <system-out/>
</testsuite> <!-- aaa.ab.delltestng -->
