<?xml version="1.0" encoding="UTF-8"?>
<!-- Generated by org.testng.reporters.JUnitReportReporter -->
<testsuite skipped="0" hostname="NewUser-PC" name="aaa.ab.Dropdown" tests="1" failures="0" timestamp="2020-09-21T03:20:00 CDT" time="76.565" errors="0">
  <testcase name="dropdown" time="76.565" classname="aaa.ab.Dropdown"/>
  <system-out/>
</testsuite> <!-- aaa.ab.Dropdown -->
