<?xml version="1.0" encoding="UTF-8"?>
<!-- Generated by org.testng.reporters.JUnitReportReporter -->
<testsuite skipped="0" hostname="NewUser-PC" name="aaa.ab.Testn" tests="1" failures="0" timestamp="2020-09-15T01:38:06 CDT" time="7.665" errors="0">
  <testcase name="verifytestresult" time="7.665" classname="aaa.ab.Testn"/>
  <system-out/>
</testsuite> <!-- aaa.ab.Testn -->
