<?xml version="1.0" encoding="UTF-8"?>
<!-- Generated by org.testng.reporters.JUnitReportReporter -->
<testsuite skipped="0" hostname="NewUser-PC" name="aaa.ab.multipleTestng" tests="1" failures="0" timestamp="2020-09-15T02:28:49 CDT" time="1.137" errors="0">
  <testcase name="launchD" time="1.137" classname="aaa.ab.multipleTestng"/>
  <system-out/>
</testsuite> <!-- aaa.ab.multipleTestng -->
